<?xml version="1.0" encoding="UTF-8"?>
<!-- Generated by org.testng.reporters.JUnitReportReporter -->
<testsuite skipped="0" hostname="WKWIN3664433" name="ui.pages.test.SecondPageTest" tests="1" failures="0" timestamp="2020-03-17T23:06:56 IST" time="0.021" errors="0">
  <testcase name="search" time="0.021" classname="ui.pages.test.SecondPageTest"/>
  <system-out/>
</testsuite> <!-- ui.pages.test.SecondPageTest -->
