<?xml version="1.0" encoding="UTF-8"?>
<!-- Generated by org.testng.reporters.JUnitReportReporter -->
<testsuite skipped="0" hostname="WKWIN3664433" name="ui.pages.test.HomePageTest" tests="2" failures="0" timestamp="2020-03-17T23:22:55 IST" time="0.036" errors="0">
  <testcase name="searchs" time="0.011" classname="ui.pages.test.HomePageTest"/>
  <system-out/>
  <testcase name="search" time="0.025" classname="ui.pages.test.HomePageTest"/>
  <system-out/>
</testsuite> <!-- ui.pages.test.HomePageTest -->
